<?xml version='1.0' encoding='UTF-8'?>
<testsuite hostname="knoldus-Vostro-3590" name="com.knoldus.CliparserTest" tests="11" errors="0" failures="0" skipped="0" time="0.023" timestamp="2021-03-07T14:55:59">
                     <properties>
      <property name="awt.toolkit" value="sun.awt.X11.XToolkit"/><property name="java.specification.version" value="11"/><property name="sun.cpu.isalist" value=""/><property name="sun.jnu.encoding" value="UTF-8"/><property name="sun.arch.data.model" value="64"/><property name="java.vendor.url" value="https://www.graalvm.org/"/><property name="sun.boot.library.path" value="/usr/lib/jvm/graalvm-ce-java11-21.0.0.2/lib"/><property name="sun.java.command" value="/usr/share/sbt/bin/sbt-launch.jar"/><property name="jdk.debug" value="release"/><property name="java.specification.vendor" value="Oracle Corporation"/><property name="java.version.date" value="2021-01-19"/><property name="java.home" value="/usr/lib/jvm/graalvm-ce-java11-21.0.0.2"/><property name="file.separator" value="/"/><property name="java.vm.compressedOopsMode" value="32-bit"/><property name="line.separator" value="
"/><property name="java.specification.name" value="Java Platform API Specification"/><property name="java.vm.specification.vendor" value="Oracle Corporation"/><property name="sun.management.compiler" value="HotSpot 64-Bit Tiered Compilers"/><property name="java.runtime.version" value="11.0.10+8-jvmci-21.0-b06"/><property name="user.name" value="knoldus"/><property name="log4j.ignoreTCL" value="true"/><property name="file.encoding" value="UTF-8"/><property name="jnidispatch.path" value="/home/knoldus/.cache/JNA/temp/jna3514609325932679066.tmp"/><property name="java.vendor.version" value="GraalVM CE 21.0.0.2"/><property name="jna.loaded" value="true"/><property name="java.io.tmpdir" value="/tmp"/><property name="java.version" value="11.0.10"/><property name="java.vm.specification.name" value="Java Virtual Machine Specification"/><property name="java.awt.printerjob" value="sun.print.PSPrinterJob"/><property name="sun.os.patch.level" value="unknown"/><property name="java.library.path" value="/usr/java/packages/lib:/usr/lib64:/lib64:/lib:/usr/lib"/><property name="java.vendor" value="GraalVM Community"/><property name="scala.ext.dirs" value="/home/knoldus/.sbt/0.13/java9-rt-ext-graalvm_community_11_0_10"/><property name="sun.io.unicode.encoding" value="UnicodeLittle"/><property name="sun.desktop" value="gnome"/><property name="java.class.path" value="/usr/share/sbt/bin/sbt-launch.jar"/><property name="java.vm.vendor" value="GraalVM Community"/><property name="jline.shutdownhook" value="false"/><property name="user.timezone" value="Asia/Kolkata"/><property name="os.name" value="Linux"/><property name="java.vm.specification.version" value="11"/><property name="sun.java.launcher" value="SUN_STANDARD"/><property name="user.country" value="IN"/><property name="sun.cpu.endian" value="little"/><property name="user.home" value="/home/knoldus"/><property name="user.language" value="en"/><property name="swoval.tmpdir" value="/home/knoldus/.sbt/1.0"/><property name="jdk.internal.vm.ci.enabled" value="true"/><property name="java.awt.graphicsenv" value="sun.awt.X11GraphicsEnvironment"/><property name="jline.esc.timeout" value="0"/><property name="path.separator" value=":"/><property name="os.version" value="5.8.0-44-generic"/><property name="jna.nosys" value="true"/><property name="java.runtime.name" value="OpenJDK Runtime Environment"/><property name="java.vm.name" value="OpenJDK 64-Bit Server VM"/><property name="jna.platform.library.path" value="/usr/lib/x86_64-linux-gnu:/lib/x86_64-linux-gnu:/usr/lib64:/lib64:/usr/lib:/lib:/usr/lib/x86_64-linux-gnu/libfakeroot"/><property name="java.vendor.url.bug" value="https://github.com/oracle/graal/issues"/><property name="user.dir" value="/home/knoldus/IdeaProjects/Scaladevil"/><property name="os.arch" value="amd64"/><property name="java.vm.info" value="mixed mode, sharing"/><property name="java.vm.version" value="11.0.10+8-jvmci-21.0-b06"/><property name="java.class.version" value="55.0"/>
    </properties>
                     <testcase classname="com.knoldus.CliparserTest" name="--help should always return a pay contains details about all the flags" time="0.018">
                                                 
                                               </testcase><testcase classname="com.knoldus.CliparserTest" name="--help should not return a () in any case" time="0.0">
                                                 
                                               </testcase><testcase classname="com.knoldus.CliparserTest" name="-s should always return $ for printing" time="0.0">
                                                 
                                               </testcase><testcase classname="com.knoldus.CliparserTest" name="-s should not return anything other than $" time="0.0">
                                                 
                                               </testcase><testcase classname="com.knoldus.CliparserTest" name="-a should always return @ for printing" time="0.001">
                                                 
                                               </testcase><testcase classname="com.knoldus.CliparserTest" name="-a should not return anything other than @" time="0.0">
                                                 
                                               </testcase><testcase classname="com.knoldus.CliparserTest" name="-k should always return * for printing" time="0.0">
                                                 
                                               </testcase><testcase classname="com.knoldus.CliparserTest" name="-k should never return unit()" time="0.0">
                                                 
                                               </testcase><testcase classname="com.knoldus.CliparserTest" name="-i should always return ! for printing" time="0.001">
                                                 
                                               </testcase><testcase classname="com.knoldus.CliparserTest" name="-i should never return ! for printing" time="0.0">
                                                 
                                               </testcase><testcase classname="com.knoldus.CliparserTest" name="If any wrong flag is passed it should always gives exception and return '^' Character" time="0.003">
                                                 
                                               </testcase>
                     <system-out><![CDATA[]]></system-out>
                     <system-err><![CDATA[]]></system-err>
                   </testsuite>